# JRE version: OpenJDK Runtime Environment Temurin-21.0.8+9 (21.0.8+9) (build 21.0.8+9-LTS)
# Java VM: OpenJDK 64-Bit Server VM Temurin-21.0.8+9 (21.0.8+9-LTS, mixed mode, sharing, tiered, compressed oops, compressed class ptrs, parallel gc, windows-amd64)
GC Precious Log:
 CardTable entry size: 512
 CPUs: 12 total, 12 available
 Memory: 15571M
 Large Page Support: Disabled
 NUMA Support: Disabled
 Compressed Oops: Enabled (32-bit)
 Alignments: Space 512K, Generation 512K, Heap 2M
 Heap Min Capacity: 100M
 Heap Initial Capacity: 100M
 Heap Max Capacity: 2G
 Pre-touch: Disabled
 Parallel Workers: 10
Heap:
 PSYoungGen      total 2560K, used 1277K [0x00000000d5580000, 0x00000000d5980000, 0x0000000100000000)
  eden space 2048K, 46% used [0x00000000d5580000,0x00000000d566f4c0,0x00000000d5780000)
  from space 512K, 62% used [0x00000000d5900000,0x00000000d5950000,0x00000000d5980000)
  to   space 1024K, 0% used [0x00000000d5780000,0x00000000d5780000,0x00000000d5880000)
 ParOldGen       total 485376K, used 374367K [0x0000000080000000, 0x000000009da00000, 0x00000000d5580000)
  object space 485376K, 77% used [0x0000000080000000,0x0000000096d97f20,0x000000009da00000)
 Metaspace       used 85828K, committed 87680K, reserved 1179648K
  class space    used 9205K, committed 10048K, reserved 1048576K
GC Heap History (20 events):
Event: 685.984 GC heap before
{Heap before GC invocations=1067 (full 4):
 PSYoungGen      total 2560K, used 2365K [0x00000000d5580000, 0x00000000d5980000, 0x0000000100000000)
  eden space 2048K, 99% used [0x00000000d5580000,0x00000000d577f7d8,0x00000000d5780000)
  from space 512K, 62% used [0x00000000d5900000,0x00000000d5950000,0x00000000d5980000)
  to   space 512K, 0% used [0x00000000d5880000,0x00000000d5880000,0x00000000d5900000)
 ParOldGen       total 485376K, used 372541K [0x0000000080000000, 0x000000009da00000, 0x00000000d5580000)
  object space 485376K, 76% used [0x0000000080000000,0x0000000096bcf580,0x000000009da00000)
 Metaspace       used 84629K, committed 86400K, reserved 1179648K
  class space    used 9034K, committed 9792K, reserved 1048576K
}
Event: 685.986 GC heap after
{Heap after GC invocations=1067 (full 4):
 PSYoungGen      total 2560K, used 160K [0x00000000d5580000, 0x00000000d5980000, 0x0000000100000000)
  eden space 2048K, 0% used [0x00000000d5580000,0x00000000d5580000,0x00000000d5780000)
  from space 512K, 31% used [0x00000000d5880000,0x00000000d58a8000,0x00000000d5900000)
  to   space 512K, 0% used [0x00000000d5900000,0x00000000d5900000,0x00000000d5980000)
 ParOldGen       total 485376K, used 372613K [0x0000000080000000, 0x000000009da00000, 0x00000000d5580000)
  object space 485376K, 76% used [0x0000000080000000,0x0000000096be1580,0x000000009da00000)
 Metaspace       used 84629K, committed 86400K, reserved 1179648K
  class space    used 9034K, committed 9792K, reserved 1048576K
}
Event: 686.003 GC heap before
{Heap before GC invocations=1068 (full 4):
 PSYoungGen      total 2560K, used 2208K [0x00000000d5580000, 0x00000000d5980000, 0x0000000100000000)
  eden space 2048K, 100% used [0x00000000d5580000,0x00000000d5780000,0x00000000d5780000)
  from space 512K, 31% used [0x00000000d5880000,0x00000000d58a8000,0x00000000d5900000)
  to   space 512K, 0% used [0x00000000d5900000,0x00000000d5900000,0x00000000d5980000)
 ParOldGen       total 485376K, used 372613K [0x0000000080000000, 0x000000009da00000, 0x00000000d5580000)
  object space 485376K, 76% used [0x0000000080000000,0x0000000096be1580,0x000000009da00000)
 Metaspace       used 84818K, committed 86592K, reserved 1179648K
  class space    used 9074K, committed 9856K, reserved 1048576K
}
Event: 686.005 GC heap after
{Heap after GC invocations=1068 (full 4):
 PSYoungGen      total 2560K, used 224K [0x00000000d5580000, 0x00000000d5980000, 0x0000000100000000)
  eden space 2048K, 0% used [0x00000000d5580000,0x00000000d5580000,0x00000000d5780000)
  from space 512K, 43% used [0x00000000d5900000,0x00000000d5938000,0x00000000d5980000)
  to   space 512K, 0% used [0x00000000d5880000,0x00000000d5880000,0x00000000d5900000)
 ParOldGen       total 485376K, used 372645K [0x0000000080000000, 0x000000009da00000, 0x00000000d5580000)
  object space 485376K, 76% used [0x0000000080000000,0x0000000096be9580,0x000000009da00000)
 Metaspace       used 84818K, committed 86592K, reserved 1179648K
  class space    used 9074K, committed 9856K, reserved 1048576K
}
Event: 686.017 GC heap before
{Heap before GC invocations=1069 (full 4):
 PSYoungGen      total 2560K, used 2272K [0x00000000d5580000, 0x00000000d5980000, 0x0000000100000000)
  eden space 2048K, 100% used [0x00000000d5580000,0x00000000d5780000,0x00000000d5780000)
  from space 512K, 43% used [0x00000000d5900000,0x00000000d5938000,0x00000000d5980000)
  to   space 512K, 0% used [0x00000000d5880000,0x00000000d5880000,0x00000000d5900000)
 ParOldGen       total 485376K, used 372645K [0x0000000080000000, 0x000000009da00000, 0x00000000d5580000)
  object space 485376K, 76% used [0x0000000080000000,0x0000000096be9580,0x000000009da00000)
 Metaspace       used 85031K, committed 86848K, reserved 1179648K
  class space    used 9118K, committed 9920K, reserved 1048576K
}
Event: 686.018 GC heap after
{Heap after GC invocations=1069 (full 4):
 PSYoungGen      total 2560K, used 256K [0x00000000d5580000, 0x00000000d5980000, 0x0000000100000000)
  eden space 2048K, 0% used [0x00000000d5580000,0x00000000d5580000,0x00000000d5780000)
  from space 512K, 50% used [0x00000000d5880000,0x00000000d58c0000,0x00000000d5900000)
  to   space 512K, 0% used [0x00000000d5900000,0x00000000d5900000,0x00000000d5980000)
 ParOldGen       total 485376K, used 372709K [0x0000000080000000, 0x000000009da00000, 0x00000000d5580000)
  object space 485376K, 76% used [0x0000000080000000,0x0000000096bf9580,0x000000009da00000)
 Metaspace       used 85031K, committed 86848K, reserved 1179648K
  class space    used 9118K, committed 9920K, reserved 1048576K
}
Event: 686.034 GC heap before
{Heap before GC invocations=1070 (full 4):
 PSYoungGen      total 2560K, used 2304K [0x00000000d5580000, 0x00000000d5980000, 0x0000000100000000)
  eden space 2048K, 100% used [0x00000000d5580000,0x00000000d5780000,0x00000000d5780000)
  from space 512K, 50% used [0x00000000d5880000,0x00000000d58c0000,0x00000000d5900000)
  to   space 512K, 0% used [0x00000000d5900000,0x00000000d5900000,0x00000000d5980000)
 ParOldGen       total 485376K, used 372709K [0x0000000080000000, 0x000000009da00000, 0x00000000d5580000)
  object space 485376K, 76% used [0x0000000080000000,0x0000000096bf9580,0x000000009da00000)
 Metaspace       used 85301K, committed 87104K, reserved 1179648K
  class space    used 9143K, committed 9920K, reserved 1048576K
}
Event: 686.035 GC heap after
{Heap after GC invocations=1070 (full 4):
 PSYoungGen      total 2560K, used 224K [0x00000000d5580000, 0x00000000d5980000, 0x0000000100000000)
  eden space 2048K, 0% used [0x00000000d5580000,0x00000000d5580000,0x00000000d5780000)
  from space 512K, 43% used [0x00000000d5900000,0x00000000d5938000,0x00000000d5980000)
  to   space 512K, 0% used [0x00000000d5880000,0x00000000d5880000,0x00000000d5900000)
 ParOldGen       total 485376K, used 372781K [0x0000000080000000, 0x000000009da00000, 0x00000000d5580000)
  object space 485376K, 76% used [0x0000000080000000,0x0000000096c0b580,0x000000009da00000)
 Metaspace       used 85301K, committed 87104K, reserved 1179648K
  class space    used 9143K, committed 9920K, reserved 1048576K
}
Event: 686.812 GC heap before
{Heap before GC invocations=1071 (full 4):
 PSYoungGen      total 2560K, used 2272K [0x00000000d5580000, 0x00000000d5980000, 0x0000000100000000)
  eden space 2048K, 100% used [0x00000000d5580000,0x00000000d5780000,0x00000000d5780000)
  from space 512K, 43% used [0x00000000d5900000,0x00000000d5938000,0x00000000d5980000)
  to   space 512K, 0% used [0x00000000d5880000,0x00000000d5880000,0x00000000d5900000)
 ParOldGen       total 485376K, used 372781K [0x0000000080000000, 0x000000009da00000, 0x00000000d5580000)
  object space 485376K, 76% used [0x0000000080000000,0x0000000096c0b580,0x000000009da00000)
 Metaspace       used 85565K, committed 87360K, reserved 1179648K
  class space    used 9179K, committed 9984K, reserved 1048576K
}
Event: 686.814 GC heap after
{Heap after GC invocations=1071 (full 4):
 PSYoungGen      total 2560K, used 352K [0x00000000d5580000, 0x00000000d5980000, 0x0000000100000000)
  eden space 2048K, 0% used [0x00000000d5580000,0x00000000d5580000,0x00000000d5780000)
  from space 512K, 68% used [0x00000000d5880000,0x00000000d58d8000,0x00000000d5900000)
  to   space 512K, 0% used [0x00000000d5900000,0x00000000d5900000,0x00000000d5980000)
 ParOldGen       total 485376K, used 372853K [0x0000000080000000, 0x000000009da00000, 0x00000000d5580000)
  object space 485376K, 76% used [0x0000000080000000,0x0000000096c1d580,0x000000009da00000)
 Metaspace       used 85565K, committed 87360K, reserved 1179648K
  class space    used 9179K, committed 9984K, reserved 1048576K
}
Event: 690.376 GC heap before
{Heap before GC invocations=1072 (full 4):
 PSYoungGen      total 2560K, used 2399K [0x00000000d5580000, 0x00000000d5980000, 0x0000000100000000)
  eden space 2048K, 99% used [0x00000000d5580000,0x00000000d577fff0,0x00000000d5780000)
  from space 512K, 68% used [0x00000000d5880000,0x00000000d58d8000,0x00000000d5900000)
  to   space 512K, 0% used [0x00000000d5900000,0x00000000d5900000,0x00000000d5980000)
 ParOldGen       total 485376K, used 372853K [0x0000000080000000, 0x000000009da00000, 0x00000000d5580000)
  object space 485376K, 76% used [0x0000000080000000,0x0000000096c1d580,0x000000009da00000)
 Metaspace       used 85778K, committed 87680K, reserved 1179648K
  class space    used 9205K, committed 10048K, reserved 1048576K
}
Event: 690.378 GC heap after
{Heap after GC invocations=1072 (full 4):
 PSYoungGen      total 2560K, used 288K [0x00000000d5580000, 0x00000000d5980000, 0x0000000100000000)
  eden space 2048K, 0% used [0x00000000d5580000,0x00000000d5580000,0x00000000d5780000)
  from space 512K, 56% used [0x00000000d5900000,0x00000000d5948000,0x00000000d5980000)
  to   space 512K, 0% used [0x00000000d5880000,0x00000000d5880000,0x00000000d5900000)
 ParOldGen       total 485376K, used 372989K [0x0000000080000000, 0x000000009da00000, 0x00000000d5580000)
  object space 485376K, 76% used [0x0000000080000000,0x0000000096c3f590,0x000000009da00000)
 Metaspace       used 85778K, committed 87680K, reserved 1179648K
  class space    used 9205K, committed 10048K, reserved 1048576K
}
Event: 742.011 GC heap before
{Heap before GC invocations=1073 (full 4):
 PSYoungGen      total 2560K, used 2336K [0x00000000d5580000, 0x00000000d5980000, 0x0000000100000000)
  eden space 2048K, 100% used [0x00000000d5580000,0x00000000d5780000,0x00000000d5780000)
  from space 512K, 56% used [0x00000000d5900000,0x00000000d5948000,0x00000000d5980000)
  to   space 512K, 0% used [0x00000000d5880000,0x00000000d5880000,0x00000000d5900000)
 ParOldGen       total 485376K, used 372989K [0x0000000080000000, 0x000000009da00000, 0x00000000d5580000)
  object space 485376K, 76% used [0x0000000080000000,0x0000000096c3f590,0x000000009da00000)
 Metaspace       used 85797K, committed 87680K, reserved 1179648K
  class space    used 9205K, committed 10048K, reserved 1048576K
}
Event: 742.013 GC heap after
{Heap after GC invocations=1073 (full 4):
 PSYoungGen      total 2560K, used 362K [0x00000000d5580000, 0x00000000d5980000, 0x0000000100000000)
  eden space 2048K, 0% used [0x00000000d5580000,0x00000000d5580000,0x00000000d5780000)
  from space 512K, 70% used [0x00000000d5880000,0x00000000d58da910,0x00000000d5900000)
  to   space 512K, 0% used [0x00000000d5900000,0x00000000d5900000,0x00000000d5980000)
 ParOldGen       total 485376K, used 373085K [0x0000000080000000, 0x000000009da00000, 0x00000000d5580000)
  object space 485376K, 76% used [0x0000000080000000,0x0000000096c57590,0x000000009da00000)
 Metaspace       used 85797K, committed 87680K, reserved 1179648K
  class space    used 9205K, committed 10048K, reserved 1048576K
}
Event: 742.020 GC heap before
{Heap before GC invocations=1074 (full 4):
 PSYoungGen      total 2560K, used 2410K [0x00000000d5580000, 0x00000000d5980000, 0x0000000100000000)
  eden space 2048K, 100% used [0x00000000d5580000,0x00000000d5780000,0x00000000d5780000)
  from space 512K, 70% used [0x00000000d5880000,0x00000000d58da910,0x00000000d5900000)
  to   space 512K, 0% used [0x00000000d5900000,0x00000000d5900000,0x00000000d5980000)
 ParOldGen       total 485376K, used 373085K [0x0000000080000000, 0x000000009da00000, 0x00000000d5580000)
  object space 485376K, 76% used [0x0000000080000000,0x0000000096c57590,0x000000009da00000)
 Metaspace       used 85799K, committed 87680K, reserved 1179648K
  class space    used 9205K, committed 10048K, reserved 1048576K
}
Event: 742.021 GC heap after
{Heap after GC invocations=1074 (full 4):
 PSYoungGen      total 2560K, used 416K [0x00000000d5580000, 0x00000000d5980000, 0x0000000100000000)
  eden space 2048K, 0% used [0x00000000d5580000,0x00000000d5580000,0x00000000d5780000)
  from space 512K, 81% used [0x00000000d5900000,0x00000000d5968000,0x00000000d5980000)
  to   space 512K, 0% used [0x00000000d5880000,0x00000000d5880000,0x00000000d5900000)
 ParOldGen       total 485376K, used 373377K [0x0000000080000000, 0x000000009da00000, 0x00000000d5580000)
  object space 485376K, 76% used [0x0000000080000000,0x0000000096ca07a0,0x000000009da00000)
 Metaspace       used 85799K, committed 87680K, reserved 1179648K
  class space    used 9205K, committed 10048K, reserved 1048576K
}
Event: 742.036 GC heap before
{Heap before GC invocations=1075 (full 4):
 PSYoungGen      total 2560K, used 2464K [0x00000000d5580000, 0x00000000d5980000, 0x0000000100000000)
  eden space 2048K, 100% used [0x00000000d5580000,0x00000000d5780000,0x00000000d5780000)
  from space 512K, 81% used [0x00000000d5900000,0x00000000d5968000,0x00000000d5980000)
  to   space 512K, 0% used [0x00000000d5880000,0x00000000d5880000,0x00000000d5900000)
 ParOldGen       total 485376K, used 373377K [0x0000000080000000, 0x000000009da00000, 0x00000000d5580000)
  object space 485376K, 76% used [0x0000000080000000,0x0000000096ca07a0,0x000000009da00000)
 Metaspace       used 85809K, committed 87680K, reserved 1179648K
  class space    used 9205K, committed 10048K, reserved 1048576K
}
Event: 742.037 GC heap after
{Heap after GC invocations=1075 (full 4):
 PSYoungGen      total 2560K, used 512K [0x00000000d5580000, 0x00000000d5a80000, 0x0000000100000000)
  eden space 2048K, 0% used [0x00000000d5580000,0x00000000d5580000,0x00000000d5780000)
  from space 512K, 100% used [0x00000000d5880000,0x00000000d5900000,0x00000000d5900000)
  to   space 1536K, 0% used [0x00000000d5900000,0x00000000d5900000,0x00000000d5a80000)
 ParOldGen       total 485376K, used 373839K [0x0000000080000000, 0x000000009da00000, 0x00000000d5580000)
  object space 485376K, 77% used [0x0000000080000000,0x0000000096d13f20,0x000000009da00000)
 Metaspace       used 85809K, committed 87680K, reserved 1179648K
  class space    used 9205K, committed 10048K, reserved 1048576K
}
Event: 742.055 GC heap before
{Heap before GC invocations=1076 (full 4):
 PSYoungGen      total 2560K, used 2560K [0x00000000d5580000, 0x00000000d5a80000, 0x0000000100000000)
  eden space 2048K, 100% used [0x00000000d5580000,0x00000000d5780000,0x00000000d5780000)
  from space 512K, 100% used [0x00000000d5880000,0x00000000d5900000,0x00000000d5900000)
  to   space 1536K, 0% used [0x00000000d5900000,0x00000000d5900000,0x00000000d5a80000)
 ParOldGen       total 485376K, used 373839K [0x0000000080000000, 0x000000009da00000, 0x00000000d5580000)
  object space 485376K, 77% used [0x0000000080000000,0x0000000096d13f20,0x000000009da00000)
 Metaspace       used 85823K, committed 87680K, reserved 1179648K
  class space    used 9205K, committed 10048K, reserved 1048576K
}
Event: 742.057 GC heap after
{Heap after GC invocations=1076 (full 4):
 PSYoungGen      total 2560K, used 320K [0x00000000d5580000, 0x00000000d5980000, 0x0000000100000000)
  eden space 2048K, 0% used [0x00000000d5580000,0x00000000d5580000,0x00000000d5780000)
  from space 512K, 62% used [0x00000000d5900000,0x00000000d5950000,0x00000000d5980000)
  to   space 1024K, 0% used [0x00000000d5780000,0x00000000d5780000,0x00000000d5880000)
 ParOldGen       total 485376K, used 374367K [0x0000000080000000, 0x000000009da00000, 0x00000000d5580000)
  object space 485376K, 77% used [0x0000000080000000,0x0000000096d97f20,0x000000009da00000)
 Metaspace       used 85823K, committed 87680K, reserved 1179648K
  class space    used 9205K, committed 10048K, reserved 1048576K
}

